<?xml version="1.0" encoding="UTF-8"?>
<!-- Generated by org.testng.reporters.JUnitReportReporter -->
<testsuite skipped="0" hostname="LAPTOP-FKGOBKRQ" name="qaClickAcademy.MavenJava.AppiumTest" tests="2" failures="0" timestamp="2022-04-26T18:07:31 IST" time="0.001" errors="0">
  <testcase name="openMobile" time="0.000" classname="qaClickAcademy.MavenJava.AppiumTest"/>
  <system-out/>
  <testcase name="closeMobile" time="0.001" classname="qaClickAcademy.MavenJava.AppiumTest"/>
  <system-out/>
</testsuite> <!-- qaClickAcademy.MavenJava.AppiumTest -->
