<?xml version="1.0" encoding="UTF-8"?>
<!-- Generated by org.testng.reporters.JUnitReportReporter -->
<testsuite skipped="0" hostname="LAPTOP-FKGOBKRQ" name="qaClickAcademy.MavenJava.APITest" tests="2" failures="0" timestamp="2022-04-26T18:07:31 IST" time="0.004" errors="0">
  <testcase name="closeJira" time="0.003" classname="qaClickAcademy.MavenJava.APITest"/>
  <system-out/>
  <testcase name="postJira" time="0.001" classname="qaClickAcademy.MavenJava.APITest"/>
  <system-out/>
</testsuite> <!-- qaClickAcademy.MavenJava.APITest -->
