<?xml version="1.0" encoding="UTF-8"?>
<!-- Generated by org.testng.reporters.JUnitReportReporter -->
<testsuite skipped="0" hostname="LAPTOP-FKGOBKRQ" name="qaClickAcademy.MavenJava.SeleniumTest" tests="2" failures="0" timestamp="2022-04-26T18:07:31 IST" time="0.000" errors="0">
  <testcase name="openBrowser" time="0.000" classname="qaClickAcademy.MavenJava.SeleniumTest"/>
  <system-out/>
  <testcase name="closeBrowser" time="0.000" classname="qaClickAcademy.MavenJava.SeleniumTest"/>
  <system-out/>
</testsuite> <!-- qaClickAcademy.MavenJava.SeleniumTest -->
